<?xml version="1.0" encoding="UTF-8"?>
<testsuite name="TestSuite" time="35.824" tests="3" errors="0" skipped="0" failures="0">
  <properties>
    <property name="idea.version" value="13.1.1"/>
    <property name="java.runtime.name" value="Java(TM) SE Runtime Environment"/>
    <property name="sun.boot.library.path" value="C:\Program Files\Java\jdk1.8.0_65\jre\bin"/>
    <property name="java.vm.version" value="25.65-b01"/>
    <property name="java.vm.vendor" value="Oracle Corporation"/>
    <property name="maven.multiModuleProjectDirectory" value="C:\apache-maven-3.3.3"/>
    <property name="java.vendor.url" value="http://java.oracle.com/"/>
    <property name="path.separator" value=";"/>
    <property name="guice.disable.misplaced.annotation.check" value="true"/>
    <property name="java.vm.name" value="Java HotSpot(TM) 64-Bit Server VM"/>
    <property name="file.encoding.pkg" value="sun.io"/>
    <property name="idea.launcher.port" value="7535"/>
    <property name="user.script" value=""/>
    <property name="user.country" value="GB"/>
    <property name="sun.java.launcher" value="SUN_STANDARD"/>
    <property name="sun.os.patch.level" value="Service Pack 1"/>
    <property name="java.vm.specification.name" value="Java Virtual Machine Specification"/>
    <property name="user.dir" value="C:\Users\rajee.innasimuthu\Desktop\GmailTestSelenide"/>
    <property name="java.runtime.version" value="1.8.0_65-b17"/>
    <property name="java.awt.graphicsenv" value="sun.awt.Win32GraphicsEnvironment"/>
    <property name="java.endorsed.dirs" value="C:\Program Files\Java\jdk1.8.0_65\jre\lib\endorsed"/>
    <property name="os.arch" value="amd64"/>
    <property name="java.io.tmpdir" value="C:\Users\RAJEE~1.INN\AppData\Local\Temp\"/>
    <property name="line.separator" value="&#10;"/>
    <property name="java.vm.specification.vendor" value="Oracle Corporation"/>
    <property name="user.variant" value=""/>
    <property name="os.name" value="Windows 7"/>
    <property name="classworlds.conf" value="C:\apache-maven-3.3.3\bin\m2.conf"/>
    <property name="sun.jnu.encoding" value="Cp1252"/>
    <property name="java.library.path" value="C:\Program Files\Java\jdk1.8.0_65\bin;C:\Windows\Sun\Java\bin;C:\Windows\system32;C:\Windows;C:\Python34\;C:\Python34\Scripts;F:\Ruby200\bin;C:\Program Files (x86)\OpenSSH\bin;C:\Program Files\SlikSvn\bin;C:\apache-maven-3.3.3\bin;%JAVA_HOME%\bin;C:\Program Files\TortoiseHg;C:\cygwin\bin;C:\Windows;C:\Program Files (x86)\Ant\apache-ant-1.9.2/bin;C:\Windows\System32;C:\Program Files (x86)\Notepad++;S:\Util\Jmeter\apache-jmeter-2.8\bin;C:\Program Files\TortoiseSVN\bin;C:\Program Files\TortoiseHg;C:\chromedriver_win32\chromedriver.exe;C:\chromedriver;C:\Program Files\Git\cmd;C:\Services\erl6.3;C:\Python34\;C:\Python34\Scripts;F:\Ruby200\bin;C:\Program Files (x86)\OpenSSH\bin;C:\Program Files\SlikSvn\bin;C:\apache-maven-3.3.3\bin;C:\Program Files\Java\jdk1.8.0_65\bin;C:\Program Files\TortoiseHg;C:\cygwin\bin;C:\Windows;C:\Program Files (x86)\Ant\apache-ant-1.9.2/bin;C:\Windows\System32;C:\Program Files (x86)\Notepad++;S:\Util\Jmeter\apache-jmeter-2.8\bin;C:\Program Files\TortoiseSVN\bin;C:\Program Files\TortoiseHg;C:\chromedriver_win32\chromedriver.exe;C:\chromedriver;C:\Program Files\Git\cmd;C:\Services\erl6.3;;."/>
    <property name="java.specification.name" value="Java Platform API Specification"/>
    <property name="java.class.version" value="52.0"/>
    <property name="sun.management.compiler" value="HotSpot 64-Bit Tiered Compilers"/>
    <property name="os.version" value="6.1"/>
    <property name="user.home" value="C:\Users\rajee.innasimuthu"/>
    <property name="user.timezone" value="UTC"/>
    <property name="java.awt.printerjob" value="sun.awt.windows.WPrinterJob"/>
    <property name="java.specification.version" value="1.8"/>
    <property name="idea.launcher.bin.path" value="C:\Program Files (x86)\JetBrains\IntelliJ IDEA 13.1.1\bin"/>
    <property name="file.encoding" value="UTF-8"/>
    <property name="user.name" value="rajee.innasimuthu"/>
    <property name="java.class.path" value="C:\apache-maven-3.3.3\boot\plexus-classworlds-2.5.2.jar;C:\Program Files (x86)\JetBrains\IntelliJ IDEA 13.1.1\lib\idea_rt.jar"/>
    <property name="java.vm.specification.version" value="1.8"/>
    <property name="sun.arch.data.model" value="64"/>
    <property name="java.home" value="C:\Program Files\Java\jdk1.8.0_65\jre"/>
    <property name="sun.java.command" value="com.intellij.rt.execution.application.AppMain org.codehaus.classworlds.Launcher -Didea.version=13.1.1 clean test site"/>
    <property name="java.specification.vendor" value="Oracle Corporation"/>
    <property name="user.language" value="en"/>
    <property name="awt.toolkit" value="sun.awt.windows.WToolkit"/>
    <property name="java.vm.info" value="mixed mode"/>
    <property name="java.version" value="1.8.0_65"/>
    <property name="java.ext.dirs" value="C:\Program Files\Java\jdk1.8.0_65\jre\lib\ext;C:\Windows\Sun\Java\lib\ext"/>
    <property name="sun.boot.class.path" value="C:\Program Files\Java\jdk1.8.0_65\jre\lib\resources.jar;C:\Program Files\Java\jdk1.8.0_65\jre\lib\rt.jar;C:\Program Files\Java\jdk1.8.0_65\jre\lib\sunrsasign.jar;C:\Program Files\Java\jdk1.8.0_65\jre\lib\jsse.jar;C:\Program Files\Java\jdk1.8.0_65\jre\lib\jce.jar;C:\Program Files\Java\jdk1.8.0_65\jre\lib\charsets.jar;C:\Program Files\Java\jdk1.8.0_65\jre\lib\jfr.jar;C:\Program Files\Java\jdk1.8.0_65\jre\classes"/>
    <property name="java.vendor" value="Oracle Corporation"/>
    <property name="maven.home" value="C:\apache-maven-3.3.3"/>
    <property name="file.separator" value="\"/>
    <property name="java.vendor.url.bug" value="http://bugreport.sun.com/bugreport/"/>
    <property name="sun.cpu.endian" value="little"/>
    <property name="sun.io.unicode.encoding" value="UnicodeLittle"/>
    <property name="sun.desktop" value="windows"/>
    <property name="sun.cpu.isalist" value="amd64"/>
  </properties>
  <testcase name="invalidlogin" classname="steps.invalidLoginTest" time="10.491"/>
  <testcase name="login" classname="steps.validLoginTest" time="12.405"/>
  <testcase name="noValue" classname="steps.valueNotSpecifiedTest" time="12.928"/>
</testsuite>