<?xml version="1.0" encoding="UTF-8"?>
<!-- Generated by org.testng.reporters.JUnitReportReporter -->
<testsuite hostname="devcon4" name="steps.valueNotSpecifiedTest" tests="1" failures="0" timestamp="25 Apr 2016 09:28:46 GMT" time="12.929" errors="0">
  <testcase name="noValue" time="12.929" classname="steps.valueNotSpecifiedTest"/>
</testsuite> <!-- steps.valueNotSpecifiedTest -->
