<?xml version="1.0" encoding="UTF-8"?>
<!-- Generated by org.testng.reporters.JUnitReportReporter -->
<testsuite hostname="devcon4" name="steps.validLoginTest" tests="1" failures="0" timestamp="25 Apr 2016 09:28:46 GMT" time="12.405" errors="0">
  <testcase name="login" time="12.405" classname="steps.validLoginTest"/>
</testsuite> <!-- steps.validLoginTest -->
